<?xml version="1.0" encoding="utf-8"?><testsuites name="pytest tests"><testsuite name="pytest" errors="0" failures="0" skipped="0" tests="14" time="22.840" timestamp="2026-04-08T04:32:06.056556+00:00" hostname="agent-env-43d092b3-f5d0-4110-9304-ac29c6eb3d97"><testcase classname="backend.tests.test_new_features.TestAuth" name="test_login_admin" time="7.257" /><testcase classname="backend.tests.test_new_features.TestRemarks" name="test_get_remarks_returns_28_codes" time="1.233" /><testcase classname="backend.tests.test_new_features.TestSchedules" name="test_create_schedule_with_all_fields" time="1.590" /><testcase classname="backend.tests.test_new_features.TestSchedules" name="test_schedule_auto_duration_calculation" time="0.303" /><testcase classname="backend.tests.test_new_features.TestInstructorsCRUD" name="test_create_instructor_with_new_fields" time="1.365" /><testcase classname="backend.tests.test_new_features.TestInstructorsCRUD" name="test_update_instructor_new_fields" time="0.518" /><testcase classname="backend.tests.test_new_features.TestStudentsCRUD" name="test_create_student_with_new_fields" time="1.823" /><testcase classname="backend.tests.test_new_features.TestStudentsCRUD" name="test_students_grouped_by_course" time="0.070" /><testcase classname="backend.tests.test_new_features.TestRecapMonthly" name="test_get_monthly_recap" time="1.089" /><testcase classname="backend.tests.test_new_features.TestOERMonthly" name="test_get_oer_monthly" time="1.712" /><testcase classname="backend.tests.test_new_features.TestFlightNotesRating" name="test_create_flight_note_with_rating" time="1.383" /><testcase classname="backend.tests.test_new_features.TestFlightNotesRating" name="test_flight_note_rating_options" time="0.611" /><testcase classname="backend.tests.test_new_features.TestEbooks" name="test_get_ebooks" time="1.110" /><testcase classname="backend.tests.test_new_features.TestPeriods" name="test_get_periods" time="1.490" /></testsuite></testsuites>